[2025-11-06T09:51:35.447Z] ::1 GET /
[2025-11-06T09:51:36.767Z] ::1 GET /
[2025-11-06T09:52:56.755Z] ::1 GET /
[2025-11-06T09:53:00.734Z] ::1 GET /favicon.ico
[2025-11-06T10:04:39.408Z] ::1 GET /
[2025-11-06T10:12:00.599Z] ::1 GET /
[2025-11-06T10:12:02.208Z] ::1 GET /
[2025-11-06T10:13:02.935Z] ::1 GET /
[2025-11-06T10:17:28.871Z] ::1 GET /
[2025-11-06T10:17:43.912Z] ::1 GET /
[2025-11-06T10:23:13.255Z] ::1 GET /resumes
[2025-11-06T10:24:53.605Z] ::1 GET /resumes
[2025-11-06T10:25:23.032Z] ::1 GET /resumes
[2025-11-06T10:25:55.483Z] ::1 GET /resumes
[2025-11-06T10:26:31.561Z] ::1 GET /
[2025-11-06T10:27:39.073Z] ::1 GET /resumes
[2025-11-06T10:27:49.332Z] ::1 GET /
[2025-11-06T10:27:50.882Z] ::1 GET /
[2025-11-06T10:27:51.218Z] ::1 GET /
[2025-11-06T10:27:51.409Z] ::1 GET /
[2025-11-06T10:27:51.627Z] ::1 GET /
[2025-11-06T10:29:31.975Z] ::1 GET /resumes
[2025-11-06T10:31:03.655Z] ::1 GET /resumes
[2025-11-06T10:37:43.563Z] ::1 POST /resumes%0A
[2025-11-06T10:37:55.889Z] ::1 POST /resumes/%0A
[2025-11-06T10:39:30.629Z] ::1 POST /resumes
[2025-11-06T10:39:30.963Z] ::1 GET /resumes
[2025-11-06T10:39:40.067Z] ::1 GET /
[2025-11-06T10:39:41.181Z] ::1 GET /
[2025-11-06T10:39:41.717Z] ::1 GET /
[2025-11-06T10:39:41.962Z] ::1 GET /
[2025-11-06T10:39:42.133Z] ::1 GET /
[2025-11-06T10:39:47.557Z] ::1 GET /product/expired
[2025-11-06T10:39:51.285Z] ::1 GET /
[2025-11-06T10:39:51.760Z] ::1 GET /
[2025-11-06T10:42:39.301Z] ::1 GET /
[2025-11-06T10:42:39.323Z] ::1 GET /resumes
[2025-11-06T15:30:38.430Z] ::1 GET /resumes/addNew
[2025-11-06T15:32:11.268Z] ::1 GET /resumes
[2025-11-06T15:32:14.493Z] ::1 GET /resumes/addNew
[2025-11-06T15:43:29.863Z] ::1 GET /resumes
[2025-11-06T15:43:57.654Z] ::1 GET /resumes/690c7ae2f87a5c111f25f625
[2025-11-06T15:44:09.711Z] ::1 GET /resumes/edit/690c7ae2f87a5c111f25f625
[2025-11-06T15:44:17.171Z] ::1 POST /resumes/690c7ae2f87a5c111f25f625?_method=DELETE
[2025-11-06T15:44:27.738Z] ::1 GET /resumes
[2025-11-06T15:45:20.831Z] ::1 GET /resumes/edit/690c7ae2f87a5c111f25f625
[2025-11-06T15:45:28.058Z] ::1 POST /resumes/690c7ae2f87a5c111f25f625?_method=DELETE
[2025-11-06T15:45:57.836Z] ::1 GET /resumes/690c7ae2f87a5c111f25f625
[2025-11-06T15:49:19.189Z] ::1 POST /resumes/690c7ae2f87a5c111f25f625?_method=DELETE
[2025-11-06T15:51:30.590Z] ::1 POST /resumes/690c7ae2f87a5c111f25f625?_method=DELETE
[2025-11-06T15:52:50.588Z] ::1 GET /resumes
[2025-11-06T15:52:54.508Z] ::1 POST /resumes/690c7ae2f87a5c111f25f625/delete
[2025-11-06T15:53:23.214Z] ::1 POST /resumes/690c7ae2f87a5c111f25f625/delete
[2025-11-06T15:53:57.374Z] ::1 POST /resumes/690c7ae2f87a5c111f25f625/delete
[2025-11-06T15:54:57.847Z] ::1 DELETE /resumes/690c7ae2f87a5c111f25f625/delete
[2025-11-06T15:54:58.075Z] ::1 GET /resumes
[2025-11-06T15:55:09.974Z] ::1 GET /resumes
[2025-11-06T15:55:15.450Z] ::1 DELETE /resumes
[2025-11-06T15:55:23.823Z] ::1 POST /resumes
[2025-11-06T15:55:24.277Z] ::1 GET /resumes
[2025-11-06T15:55:46.417Z] ::1 GET /resumes
[2025-11-06T15:55:49.772Z] ::1 GET /resumes/690cc4eb994ef4336bc1400d/delete?
[2025-11-06T16:02:15.603Z] ::1 GET /resumes/
[2025-11-06T16:02:20.252Z] ::1 POST /resumes/delete/690cc4eb994ef4336bc1400d
[2025-11-06T16:02:20.370Z] ::1 GET /resumes
[2025-11-06T16:02:26.521Z] ::1 POST /resumes
[2025-11-06T16:02:26.663Z] ::1 GET /resumes
[2025-11-06T16:02:31.238Z] ::1 GET /resumes
[2025-11-06T16:03:05.693Z] ::1 GET /resumes/690cc692abaa3873a207b05b
[2025-11-06T16:03:09.796Z] ::1 POST /resumes/delete/690cc692abaa3873a207b05b
[2025-11-06T16:03:09.890Z] ::1 GET /resumes
[2025-11-06T16:13:34.349Z] ::1 GET /resumes
[2025-11-06T16:13:39.739Z] ::1 POST /resumes
[2025-11-06T16:13:39.877Z] ::1 GET /resumes
[2025-11-06T16:13:44.106Z] ::1 GET /resumes
[2025-11-06T16:13:46.720Z] ::1 GET /resumes/edit/690cc933abaa3873a207b07c
[2025-11-06T16:15:00.003Z] ::1 POST /resumes/690cc933abaa3873a207b07c?_method=PATCH
[2025-11-06T16:17:14.403Z] ::1 POST /resumes/690cc933abaa3873a207b07c?_method=PATCH
[2025-11-06T16:17:22.805Z] ::1 POST /resumes/690cc933abaa3873a207b07c?_method=PATCH
[2025-11-06T16:20:53.516Z] ::1 POST /resumes/690cc933abaa3873a207b07c?_method=PATCH
[2025-11-06T16:20:57.302Z] ::1 POST /resumes/690cc933abaa3873a207b07c?_method=PATCH
[2025-11-06T16:26:30.334Z] ::1 POST /resumes/690cc933abaa3873a207b07c?_method=PATCH
[2025-11-06T16:35:05.475Z] ::1 POST /resumes/690cc933abaa3873a207b07c?_method=PATCH
[2025-11-06T16:36:39.897Z] ::1 POST /resumes/690cc933abaa3873a207b07c?_method=PATCH
[2025-11-06T16:36:46.316Z] ::1 POST /resumes/690cc933abaa3873a207b07c?_method=PATCH
[2025-11-06T16:39:56.146Z] ::1 POST /resumes/690cc933abaa3873a207b07c?_method=PATCH
[2025-11-06T16:41:06.282Z] ::1 POST /resumes/690cc933abaa3873a207b07c?_method=PATCH
[2025-11-06T16:41:10.640Z] ::1 POST /resumes/690cc933abaa3873a207b07c?_method=PATCH
[2025-11-06T16:41:40.498Z] ::1 POST /resumes/690cc933abaa3873a207b07c?_method=PATCH
[2025-11-06T16:41:44.136Z] ::1 POST /resumes/690cc933abaa3873a207b07c?_method=PATCH
[2025-11-06T16:42:46.427Z] ::1 POST /resumes/edit/690cc933abaa3873a207b07c
[2025-11-06T16:42:59.887Z] ::1 POST /resumes/update/690cc933abaa3873a207b07c
[2025-11-06T16:43:00.087Z] ::1 GET /resumes/690cc933abaa3873a207b07c
[2025-11-06T16:43:16.749Z] ::1 GET /resumes
[2025-11-06T16:43:24.265Z] ::1 GET /resumes/edit/690cc933abaa3873a207b07c
[2025-11-06T16:43:30.614Z] ::1 POST /resumes/update/690cc933abaa3873a207b07c
[2025-11-06T16:43:30.726Z] ::1 GET /resumes/690cc933abaa3873a207b07c
[2025-11-06T16:43:47.193Z] ::1 GET /resumes
[2025-11-06T16:43:49.991Z] ::1 GET /resumes/edit/690cc933abaa3873a207b07c
[2025-11-06T16:44:12.904Z] ::1 POST /resumes/update/690cc933abaa3873a207b07c
[2025-11-06T16:44:13.030Z] ::1 GET /resumes/690cc933abaa3873a207b07c
[2025-11-06T16:44:25.649Z] ::1 GET /resumes/edit/690cc933abaa3873a207b07c
[2025-11-06T16:44:34.924Z] ::1 POST /resumes/update/690cc933abaa3873a207b07c
[2025-11-06T16:44:35.026Z] ::1 GET /resumes/690cc933abaa3873a207b07c
[2025-11-06T16:44:42.337Z] ::1 GET /resumes
[2025-11-06T16:44:44.856Z] ::1 GET /resumes/690cc933abaa3873a207b07c
[2025-11-06T16:44:46.928Z] ::1 GET /resumes/edit/690cc933abaa3873a207b07c
[2025-11-06T16:44:50.751Z] ::1 POST /resumes/update/690cc933abaa3873a207b07c
[2025-11-06T16:44:50.845Z] ::1 GET /resumes/690cc933abaa3873a207b07c
[2025-11-06T16:44:55.841Z] ::1 GET /resumes
[2025-11-06T16:45:11.747Z] ::1 GET /resumes/690cc933abaa3873a207b07c
[2025-11-06T16:45:32.058Z] ::1 GET /resumes
[2025-11-06T16:51:04.582Z] ::1 GET /resumes
[2025-11-06T16:51:07.489Z] ::1 GET /resumes
[2025-11-06T16:53:15.928Z] ::1 GET /resumes
[2025-11-06T16:53:51.563Z] ::1 GET /resumes
[2025-11-06T16:54:23.181Z] ::1 GET /resumes/690cc933abaa3873a207b07c
[2025-11-06T16:54:26.151Z] ::1 GET /resumes
